# JRE version: Java(TM) SE Runtime Environment (17.0.7+8) (build 17.0.7+8-LTS-224)
# Java VM: Java HotSpot(TM) 64-Bit Server VM (17.0.7+8-LTS-224, mixed mode, sharing, tiered, compressed oops, compressed class ptrs, g1 gc, windows-amd64)
GC Precious Log:
 CPUs: 4 total, 4 available
 Memory: 7975M
 Large Page Support: Disabled
 NUMA Support: Disabled
 Compressed Oops: Enabled (32-bit)
 Heap Region Size: 1M
 Heap Min Capacity: 8M
 Heap Initial Capacity: 126M
 Heap Max Capacity: 1994M
 Pre-touch: Disabled
 Parallel Workers: 4
 Concurrent Workers: 1
 Concurrent Refinement Workers: 4
 Periodic GC: Disabled
Heap:
 garbage-first heap   total 129024K, used 38125K [0x0000000083600000, 0x0000000100000000)
  region size 1024K, 32 young (32768K), 3 survivors (3072K)
 Metaspace       used 11352K, committed 11648K, reserved 1064960K
  class space    used 1247K, committed 1344K, reserved 1048576K
GC Heap History (6 events):
Event: 3.375 GC heap before
{Heap before GC invocations=0 (full 0):
 garbage-first heap   total 129024K, used 12288K [0x0000000083600000, 0x0000000100000000)
  region size 1024K, 13 young (13312K), 0 survivors (0K)
 Metaspace       used 3665K, committed 3840K, reserved 1056768K
  class space    used 321K, committed 448K, reserved 1048576K
}
Event: 3.480 GC heap after
{Heap after GC invocations=1 (full 0):
 garbage-first heap   total 129024K, used 5539K [0x0000000083600000, 0x0000000100000000)
  region size 1024K, 2 young (2048K), 2 survivors (2048K)
 Metaspace       used 3665K, committed 3840K, reserved 1056768K
  class space    used 321K, committed 448K, reserved 1048576K
}
Event: 6.787 GC heap before
{Heap before GC invocations=1 (full 0):
 garbage-first heap   total 129024K, used 18851K [0x0000000083600000, 0x0000000100000000)
  region size 1024K, 13 young (13312K), 2 survivors (2048K)
 Metaspace       used 7369K, committed 7552K, reserved 1064960K
  class space    used 689K, committed 768K, reserved 1048576K
}
Event: 6.795 GC heap after
{Heap after GC invocations=2 (full 0):
 garbage-first heap   total 129024K, used 7032K [0x0000000083600000, 0x0000000100000000)
  region size 1024K, 2 young (2048K), 2 survivors (2048K)
 Metaspace       used 7369K, committed 7552K, reserved 1064960K
  class space    used 689K, committed 768K, reserved 1048576K
}
Event: 18.151 GC heap before
{Heap before GC invocations=2 (full 0):
 garbage-first heap   total 129024K, used 28536K [0x0000000083600000, 0x0000000100000000)
  region size 1024K, 23 young (23552K), 2 survivors (2048K)
 Metaspace       used 9426K, committed 9664K, reserved 1064960K
  class space    used 978K, committed 1088K, reserved 1048576K
}
Event: 18.162 GC heap after
{Heap after GC invocations=3 (full 0):
 garbage-first heap   total 129024K, used 10477K [0x0000000083600000, 0x0000000100000000)
  region size 1024K, 3 young (3072K), 3 survivors (3072K)
 Metaspace       used 9426K, committed 9664K, reserved 1064960K
  class space    used 978K, committed 1088K, reserved 1048576K
}

